
[1]   =========== Project style =============
[1.1] NextJS + TypeScript project
[1.2] Main canvas class Draw.js remain non-TypeScript
[1.3] new project https://tomas-covid-graphs.vercel.app/
[1.4] deployment to Vercel.com with help of gitHub
[1.5] CSS concept? Sass (Syntactically Awesome Style Sheets) / Import Module.css or .css / Styled component / 


[2]   =========== Source data =============
[2.1] https://onemocneni-aktualne.mzcr.cz/api/v2/covid-19
[2.2] date line (X axes) extracted from JSON parameter: datum":"2020-09-02"
[2.3] source JSON file is updated 1x / day -> incremental server side rendering is enought
[2.4] 
export const getStaticProps = async () => { 
    const allArticles = await fetchAllArticles()
    return {
        props: allArticles,
        revalidate: 10,
    }
}


[3]   ========== Google Adsense =============
[3.1] create new Ads
[3.2] add dynamic Ads to page

[4]   ========== SEO =============
[4.1] test with LightHouse
[4.2] favicon.ico


[5]   ========== SPA (Single Page Application) =============

[6]   ========== MongoDB =============
[6.1] optional: load source data definition from MongoDB




///////

npx create-next-app@latest --ts

& "C:\Program Files\Git\bin\sh.exe" --login

echo "# girl_blog" >> README.md
git init
git add README.md
git commit -m "first commit"
git add .
git remote add origin https://github.com/tom4f/covid-graphs.git
git branch -M main
git push -u origin main

npm i -g vercel

// test commit nr. 1 in branch test-branch-1
// test commit nr. 2 in branch test-branch-1